
14:23:24 16.04.15       0           0xD9C9      
14:39:54 16.04.15       1           0x5BFF      
19:21:54 16.04.15       2           0x9DEE      
19:26:09 16.04.15       3           0x9DEE      
19:26:57 16.04.15       4           0x5E09      
20:13:07 16.04.15       5           0x6C4B      

19:09:31 27.04.15       6           0x2D11      

18:27:25 29.04.15       7           0xCA8C      

19:08:10 30.04.15       8           0x6312      

12:41:47 03.05.15       9           0x2399      

15:51:29 09.05.15       10          0xAA1D      
16:42:38 09.05.15       11          0x4C9C      

18:51:18 12.05.15       12          0x5947      
21:10:48 12.05.15       13          0xB7C0      

10:01:03 16.05.15       14          0x9B46      

21:36:57 25.05.15       15          0xD969      

11:04:24 20.06.15       16          0xAA73      
20:20:56 20.06.15       17          0x5EE3      

18:34:55 09.07.15       18          0xC113      
19:37:20 09.07.15       19          0xC084      

18:55:06 13.07.15       20          0xE691      
20:42:20 13.07.15       21          0x026F      
20:44:38 13.07.15       22          0x5D60      

19:16:09 15.07.15       23          0xB02B      

15:17:20 09.08.15       24          0x564C      
16:40:11 09.08.15       25          0xD301      

12:14:59 10.08.15       26          0x97A7      

11:42:13 12.08.15       27          0xF493      
12:18:33 12.08.15       28          0x2B2C      
