
13:01:03 24.02.16       0           0xDB13      
13:43:36 24.02.16       1           0x0162      
13:44:32 24.02.16       2           0x0162      
13:59:25 24.02.16       3           0xBDA2      

08:47:50 01.03.16       4           0x0460      

11:36:55 13.06.16       5           0xAEF2      

11:29:56 16.06.16       6           0x9136      

11:30:28 24.06.16       7           0x219F      

10:32:11 13.07.16       8           0x9996      

10:59:06 14.07.16       9           0xF88C      

16:42:15 15.07.16       10          0xD17E      

15:17:17 27.07.16       11          0x20C8      

14:20:31 10.08.17       12          0xB178      

14:31:39 28.08.17       13          0x0A40      

09:16:26 14.09.17       14          0xBCA0      

12:53:45 21.09.17       15          0x7D91      

12:06:08 03.10.17       16          0xDD14      

19:46:21 24.01.18       17          0x793F      

19:49:56 04.08.20       18          0xA218      

19:07:56 31.01.22       19          0x09B5      

22:02:23 11.05.22       20          0xB9C5      

19:35:47 12.05.22       21          0x4524      

19:27:14 26.07.22       22          0x707B      

19:53:29 25.10.22       23          0xBFA4      

18:32:08 17.04.24       24          0x87AF      
